2025-06-29 22:08:17,787 INFO: Checking word: 'Setup'
2025-06-29 22:08:18,876 INFO: No suggestions found or error occurred.
2025-06-29 22:10:04,870 INFO: Checking word: 'aufgegangen'
2025-06-29 22:10:05,473 INFO: No suggestions found or error occurred.
2025-06-29 22:10:30,773 INFO: Checking word: 'test'
2025-06-29 22:10:31,481 INFO: Suggestions typed:  ( Rest | Fest )
2025-06-29 22:10:43,268 INFO: Checking word: 'Mond'
2025-06-29 22:10:44,098 INFO: No suggestions found or error occurred.
2025-06-29 22:11:39,793 INFO: Checking word: 'Halllo'
2025-06-29 22:11:40,775 INFO: Suggestions typed:  ( Hall | Hallen )
2025-06-29 22:12:06,782 INFO: Checking word: 'Hallen'
2025-06-29 22:12:07,622 INFO: No suggestions found or error occurred.
2025-06-29 22:12:41,585 INFO: Checking word: 'Primaa'
2025-06-29 22:12:42,560 INFO: Suggestions typed:  ( Beimaß | Promat )
2025-06-29 22:12:57,590 INFO: Checking word: 'sebastaitan'
2025-06-29 22:12:58,184 INFO: No suggestions found or error occurred.
2025-06-29 22:13:12,116 INFO: Checking word: 'sebastaitan'
2025-06-29 22:13:12,714 INFO: No suggestions found or error occurred.
2025-06-29 22:45:01,049 INFO: Checking word: 'Configurationio'
2025-06-29 22:45:02,020 INFO: No suggestions found or error occurred.
2025-06-29 22:45:29,265 INFO: Checking word: 'Configurationio'
2025-06-29 22:45:30,110 INFO: No suggestions found or error occurred.
2025-06-29 22:45:56,929 INFO: Checking word: 'nix'
2025-06-29 22:45:57,615 INFO: Suggestions typed:  ( nichts )
2025-06-29 22:46:22,092 INFO: Checking word: 'nix'
2025-06-29 22:46:22,764 INFO: Suggestions typed:  ( nichts )
2025-06-29 22:47:09,057 INFO: Checking word: 'nix'
2025-06-29 22:47:09,722 INFO: Suggestions typed:  ( nichts )
2025-06-29 22:47:55,837 INFO: Checking word: 'nix'
2025-06-29 22:47:56,517 INFO: Suggestions typed:  ( nichts )
2025-06-29 22:51:13,970 INFO: Checking word: de-DE: 'nix'
2025-06-29 22:51:14,659 INFO: Suggestions typed:  ( nichts )
2025-06-29 22:57:37,407 INFO: Checking word: en-US: 'nix'
2025-06-29 22:57:39,046 INFO: No suggestions found or error occurred.
2025-06-29 23:05:16,637 INFO: Clipboard content invalid or empty.
2025-06-29 23:05:44,637 INFO: Checking word: en-US: 'empty'
2025-06-29 23:05:44,654 INFO: No suggestions found or error occurred.
2025-06-29 23:06:11,001 INFO: Checking word: en-US: 'ermpty'
2025-06-29 23:06:11,106 INFO: Suggestions typed:  ( empty )
2025-06-29 23:18:55,620 INFO: Checking word: en-US: 'sebastaian'
2025-06-29 23:18:56,103 INFO: Suggestions typed:  ( Sebastián | Sébastien )
2025-06-29 23:31:16,547 INFO: Checking word: en-US: 'garmen'
2025-06-29 23:31:16,736 INFO: Suggestions typed:  ( garden | barmen )
2025-06-29 23:34:49,902 ERROR: German thesaurus file not found: /home/seeh/projects/py/STT/openthesaurus-data.json
2025-06-29 23:34:49,906 INFO: Checking word: en-US: 'Configuration'
2025-06-29 23:34:51,527 INFO: Synonyms suggested for 'Configuration': ['constellation', 'conformation', 'form', 'shape', 'contour']
2025-06-29 23:34:51,768 INFO: Suggestions typed:  ( constellation | conformation )
2025-06-29 23:35:08,440 ERROR: German thesaurus file not found: /home/seeh/projects/py/STT/openthesaurus-data.json
2025-06-29 23:35:08,445 INFO: Checking word: en-US: 'wordnet'
2025-06-29 23:35:08,638 INFO: Suggestions typed:  ( Wordle | cornet )
2025-06-29 23:36:52,401 ERROR: German thesaurus file not found: /home/seeh/projects/py/STT/openthesaurus-data.json
2025-06-29 23:36:52,406 INFO: Checking word: en-US: 'word'
2025-06-29 23:36:54,016 INFO: Synonyms suggested for 'word': ['Book', 'phrase', 'give-and-take', 'Holy Scripture', 'Good Book', 'intelligence', 'Christian Bible', 'watchword', 'tidings', 'Scripture', 'parole', 'news', 'Logos', 'Son', 'articulate', 'word of honor', 'discussion', 'Holy Writ', 'formulate', 'password', 'Word of God', 'Bible', 'countersign', 'give voice']
2025-06-29 23:36:54,145 INFO: Suggestions typed:  ( Book | phrase )
2025-06-29 23:37:31,567 ERROR: German thesaurus file not found: /home/seeh/projects/py/STT/openthesaurus-data.json
2025-06-29 23:37:31,572 INFO: Checking word: en-US: 'Logging'
2025-06-29 23:37:33,159 INFO: Synonyms suggested for 'Logging': ['log', 'lumber']
2025-06-29 23:37:33,297 INFO: Suggestions typed:  ( log | lumber )
2025-06-29 23:41:20,526 ERROR: German thesaurus file not found: /home/seeh/projects/py/STT/openthesaurus-data.json
2025-06-29 23:41:20,529 INFO: Checking word: en-US: 'needed'
2025-06-29 23:41:22,160 INFO: Synonyms suggested for 'needed': ['required', 'necessitate', 'call for', 'demand', 'need', 'needful', 'requisite', 'want', 'ask', 'require', 'take', 'postulate', 'involve']
2025-06-29 23:41:22,426 INFO: Suggestions typed:  ( required | necessitate | call for )
2025-06-29 23:41:56,064 ERROR: German thesaurus file not found: /home/seeh/projects/py/STT/openthesaurus-data.json
2025-06-29 23:41:56,069 INFO: Checking word: en-US: 'sebastatian'
2025-06-29 23:41:56,429 INFO: Suggestions typed:  ( Sebastián | Sebastian )
2025-06-29 23:42:32,871 ERROR: German thesaurus file not found: /home/seeh/projects/py/STT/openthesaurus-data.json
2025-06-29 23:42:32,875 INFO: Checking word: en-US: 'sebastattuaaa'
2025-06-29 23:42:34,450 INFO: No suggestions found or error occurred.
2025-06-29 23:42:48,876 ERROR: German thesaurus file not found: /home/seeh/projects/py/STT/openthesaurus-data.json
2025-06-29 23:42:48,881 INFO: Checking word: en-US: 'sebastattian'
2025-06-29 23:42:49,299 INFO: Suggestions typed:  ( Sebastian | Sebastián )
2025-06-29 23:49:19,712 ERROR: German thesaurus file not found: /home/seeh/projects/py/STT/openthesaurus-data.json
2025-06-29 23:49:19,717 INFO: Checking word: en-US: 'thanks'
2025-06-29 23:49:21,334 INFO: Synonyms suggested for 'thanks': ['thank', 'give thanks']
2025-06-29 23:49:21,505 INFO: Suggestions typed:  ( thank | give thanks )
2025-06-29 23:49:38,951 ERROR: German thesaurus file not found: /home/seeh/projects/py/STT/openthesaurus-data.json
2025-06-29 23:49:38,955 INFO: Checking word: en-US: 'tvm'
2025-06-29 23:49:39,129 INFO: Suggestions typed:  ( nm | IVR | TAA )
2025-06-29 23:49:51,323 ERROR: German thesaurus file not found: /home/seeh/projects/py/STT/openthesaurus-data.json
2025-06-29 23:49:51,328 INFO: Checking word: en-US: 'tyvm'
2025-06-29 23:49:51,411 INFO: Suggestions typed:  ( TVM )
2025-06-29 23:50:06,906 ERROR: German thesaurus file not found: /home/seeh/projects/py/STT/openthesaurus-data.json
2025-06-29 23:50:06,912 INFO: Checking word: en-US: 'TUVM'
2025-06-29 23:50:07,099 INFO: Suggestions typed:  ( UVM | TVM | TU VM )
2025-06-29 23:52:36,182 ERROR: German thesaurus file not found: /home/seeh/projects/py/STT/openthesaurus-data.json
2025-06-29 23:52:36,186 INFO: Checking word: en-US: 'TUVM'
2025-06-29 23:52:36,361 INFO: Suggestions typed:  ( UVM | TUM | TUV M )
2025-06-30 00:32:36,959 ERROR: German thesaurus file not found: /home/seeh/projects/py/STT/openthesaurus-data.json
2025-06-30 00:32:36,963 INFO: Checking word: de-DE: 'Welt'
2025-06-30 00:32:37,987 INFO: No suggestions found or error occurred.
2025-06-30 00:32:54,387 ERROR: German thesaurus file not found: /home/seeh/projects/py/STT/openthesaurus-data.json
2025-06-30 00:32:54,391 INFO: Checking word: de-DE: 'Welt'
2025-06-30 00:32:55,261 INFO: No suggestions found or error occurred.
2025-06-30 00:48:36,732 INFO: Checking word: de-DE: 'Thesaurus'
2025-06-30 00:48:37,766 INFO: No suggestions found or error occurred.
2025-06-30 00:51:47,466 INFO: Checking word: de-DE: 'kurs'
2025-06-30 00:51:48,243 INFO: Suggestions typed:  ( kurz | küre | küss )
2025-06-30 00:52:06,790 INFO: Checking word: de-DE: 'kurz'
2025-06-30 00:52:07,431 INFO: German synonyms suggested for 'kurz': ['auf einen Kaffee (ugs.)', 'flüchtig', 'von kurzer Dauer', 'kurzum', 'in aller Kürze', 'auf die Schnelle (ugs.)', 'zusammengenommen', 'kurz und gut', 'um es kurz zu machen', 'in einem Wort', 'floatend (fachspr.)', 'summa summarum (lat.)', 'schwankend', 'mal eben kurz', 'kurz gesagt (Hauptform)', 'volatil', 'kann man sagen (ergänzend)', 'auf einen Sprung (ugs.)', 'frei flottierend (ugs.)', 'der langen Rede kurzer Sinn (ugs., Redensart)', 'fassen wir zusammen', 'nicht durchgängig (zu beobachten)', 'kurz dauernd', 'nicht kontinuierlich', 'zusammengefasst', 'mal so, mal so (ugs.)']
2025-06-30 00:52:07,871 INFO: Suggestions typed:  ( auf einen Kaffee (ugs.) | flüchtig | von kurzer Dauer )
2025-06-30 00:52:21,948 INFO: Checking word: de-DE: 'Dauer'
2025-06-30 00:52:22,769 INFO: German synonyms suggested for 'Dauer': ['Periode', '(zeitlicher) Abstand', 'Phase', '(zeitliches) Intervall', 'Zeitspanne (Hauptform)', 'Zeitlang', 'Zeitraum', 'Spanne', 'Zeitabschnitt', 'Zeitintervall', 'Zeitdauer', 'Frist', 'Zeitrahmen', 'Weile', 'Zeitabstand', 'Zeit']
2025-06-30 00:52:23,074 INFO: Suggestions typed:  ( Periode | (zeitlicher) Abstand | Phase )
2025-06-30 00:52:38,464 INFO: Checking word: de-DE: 'Abstand'
2025-06-30 00:52:39,321 INFO: German synonyms suggested for 'Abstand': ['Distanz', 'Ablöse (ugs.)', 'Entfernung', 'Abstandszahlung', 'Ablösesumme']
2025-06-30 00:52:39,608 INFO: Suggestions typed:  ( Distanz | Ablöse (ugs.) | Entfernung )
2025-06-30 00:54:51,950 INFO: Checking word: de-DE: 'synonyms'
2025-06-30 00:54:52,817 INFO: Suggestions typed:  ( synonym | Synonyms | synonyme )
2025-06-30 00:59:21,757 INFO: Checking word: de-DE: 'Finya'
2025-06-30 00:59:22,356 INFO: No suggestions found or error occurred.
2025-06-30 09:15:44,307 INFO: Checking word: en-US: 'Sherman'
2025-06-30 09:15:45,876 INFO: Synonyms suggested for 'Sherman': ['William Tecumseh Sherman', 'Mount Sherman', 'Roger Sherman']
2025-06-30 09:15:46,291 INFO: Suggestions typed:  ( William Tecumseh Sherman | Mount Sherman | Roger Sherman )
2025-06-30 09:24:33,033 INFO: Checking word: en-US: 'career'
2025-06-30 09:24:34,626 INFO: Synonyms suggested for 'career': ['vocation', 'life history', 'calling']
2025-06-30 09:24:34,882 INFO: Suggestions typed:  ( vocation | life history | calling )
