--- Watcher starting at Sun  6 Jul 13:42:33 CEST 2025 ---
Watcher already running. ExitiEvent: xl3cla26
Event: tmplluqu_xi
Event: yprtzvzm
Event: tmpjkd4zn4ucacert.pem
Event: pip-build-tracker-23f_zzkh
Event: pip-install-8ycecojc
Event: pip-ephem-wheel-cache-hzlg4n8q
Event: pip-unpack-x5tk239r
Event: 4cu7penu
Event: tmpnehwi4aq
Event: z9g79roz
Event: tmpsilh1iqfcacert.pem
Event: pip-build-tracker-vcid9mci
Event: pip-install-92h1myq5
Event: pip-ephem-wheel-cache-wbsaesza
Event: pip-unpack-5vqm86ru
Event: dictation_service.pid
Event: sl5_record.trigger
Event: dictation_service.heartbeat
