2026-01-19 07:08:16.969 GMT+01:00 INFO  org.languagetool.server.DatabaseAccessOpenSource Not setting up database access, dbDriver is not configured
2026-01-19 06:08:16 +0000 Setting up thread pool with 10 threads
2026-01-19 07:08:17.644 GMT+01:00 WARN  org.languagetool.language.identifier.DefaultLanguageIdentifier fastText not configured - language detection performance will be degraded. See https://dev.languagetool.org/http-server#starting-from-command-line for instructions.
2026-01-19 07:08:17.648 GMT+01:00 INFO  org.languagetool.server.TextChecker A/B-Test enabled: []
2026-01-19 06:08:17 +0000 Starting LanguageTool 6.6 (build date: 2025-03-27 20:50:25 +0100, f3e8d91) server on http://localhost:8082...
2026-01-19 06:08:17 +0000 Server started
2026-01-19 07:08:18.023 GMT+01:00 INFO  org.languagetool.server.LanguageToolHttpHandler Handling GET /v2/languages
2026-01-19 07:08:18.055 GMT+01:00 INFO  org.languagetool.server.LanguageToolHttpHandler Handled request in 40ms; sending code 200
2026-01-19 07:08:21.738 GMT+01:00 INFO  org.languagetool.server.LanguageToolHttpHandler Handling POST /v2/check
WARNING: A terminally deprecated method in sun.misc.Unsafe has been called
WARNING: sun.misc.Unsafe::objectFieldOffset has been called by com.google.common.util.concurrent.AbstractFuture$UnsafeAtomicHelper (file:/home/seeh/projects/py/STT/LanguageTool-6.6/libs/guava.jar)
WARNING: Please consider reporting this to the maintainers of class com.google.common.util.concurrent.AbstractFuture$UnsafeAtomicHelper
WARNING: sun.misc.Unsafe::objectFieldOffset will be removed in a future release
WARNING: A restricted method in java.lang.System has been called
WARNING: java.lang.System::load has been called by com.sun.jna.Native in an unnamed module (file:/home/seeh/projects/py/STT/LanguageTool-6.6/libs/jna.jar)
WARNING: Use --enable-native-access=ALL-UNNAMED to avoid a warning for callers in this module
WARNING: Restricted methods will be blocked in a future release unless native access is enabled

2026-01-19 07:08:26.854 GMT+01:00 INFO  org.languagetool.server.TextChecker Check done: 6 chars, de-DE, requestId: null, #1, null, 0/0 matches, 5109ms, agent:-, sent, q:0, h:1, dH:1, r:2, m:all, premium: false
2026-01-19 07:08:26.855 GMT+01:00 INFO  org.languagetool.server.LanguageToolHttpHandler Handled request in 5117ms; sending code 200
2026-01-19 07:08:27.978 GMT+01:00 INFO  org.languagetool.server.LanguageToolHttpHandler Handling POST /v2/check
2026-01-19 07:08:29.936 GMT+01:00 INFO  org.languagetool.server.TextChecker Check done: 23 chars, de-DE, requestId: null, #2, null, 0/1 matches, 1958ms, agent:-, sent, q:0, h:1, dH:1, r:3, m:all, premium: false
2026-01-19 07:08:29.936 GMT+01:00 INFO  org.languagetool.server.LanguageToolHttpHandler Handled request in 1958ms; sending code 200
2026-01-19 07:08:31.735 GMT+01:00 INFO  org.languagetool.server.LanguageToolHttpHandler Handling POST /v2/check
2026-01-19 07:08:32.287 GMT+01:00 INFO  org.languagetool.server.TextChecker Check done: 36 chars, de-DE, requestId: null, #3, null, 0/1 matches, 551ms, agent:-, sent, q:0, h:1, dH:1, r:4, m:all, premium: false
2026-01-19 07:08:32.287 GMT+01:00 INFO  org.languagetool.server.LanguageToolHttpHandler Handled request in 552ms; sending code 200
2026-01-19 07:08:32.890 GMT+01:00 INFO  org.languagetool.server.LanguageToolHttpHandler Handling POST /v2/check
2026-01-19 07:08:33.438 GMT+01:00 INFO  org.languagetool.server.TextChecker Check done: 57 chars, de-DE, requestId: null, #4, null, 0/3 matches, 547ms, agent:-, sent, q:0, h:1, dH:1, r:5, m:all, premium: false
2026-01-19 07:08:33.438 GMT+01:00 INFO  org.languagetool.server.LanguageToolHttpHandler Handled request in 548ms; sending code 200
2026-01-19 07:08:34.634 GMT+01:00 INFO  org.languagetool.server.LanguageToolHttpHandler Handling POST /v2/check
2026-01-19 07:08:35.780 GMT+01:00 INFO  org.languagetool.server.TextChecker Check done: 20 chars, de-DE, requestId: null, #5, null, 0/2 matches, 1146ms, agent:-, sent, q:0, h:1, dH:1, r:6, m:all, premium: false
2026-01-19 07:08:35.780 GMT+01:00 INFO  org.languagetool.server.LanguageToolHttpHandler Handled request in 1147ms; sending code 200
2026-01-19 07:08:36.079 GMT+01:00 INFO  org.languagetool.server.LanguageToolHttpHandler Handling POST /v2/check
2026-01-19 07:08:36.781 GMT+01:00 INFO  org.languagetool.server.TextChecker Check done: 23 chars, de-DE, requestId: null, #6, null, 0/1 matches, 701ms, agent:-, sent, q:0, h:1, dH:1, r:7, m:all, premium: false
2026-01-19 07:08:36.781 GMT+01:00 INFO  org.languagetool.server.LanguageToolHttpHandler Handled request in 702ms; sending code 200
2026-01-19 07:08:37.086 GMT+01:00 INFO  org.languagetool.server.LanguageToolHttpHandler Handling POST /v2/check
2026-01-19 07:08:37.855 GMT+01:00 INFO  org.languagetool.server.TextChecker Check done: 21 chars, de-DE, requestId: null, #7, null, 0/2 matches, 768ms, agent:-, sent, q:0, h:1, dH:1, r:8, m:all, premium: false
2026-01-19 07:08:37.856 GMT+01:00 INFO  org.languagetool.server.LanguageToolHttpHandler Handled request in 770ms; sending code 200
2026-01-19 07:08:39.333 GMT+01:00 INFO  org.languagetool.server.LanguageToolHttpHandler Handling POST /v2/check
2026-01-19 07:08:39.859 GMT+01:00 INFO  org.languagetool.server.TextChecker Check done: 30 chars, de-DE, requestId: null, #8, null, 0/1 matches, 524ms, agent:-, sent, q:0, h:1, dH:1, r:9, m:all, premium: false
2026-01-19 07:08:39.859 GMT+01:00 INFO  org.languagetool.server.LanguageToolHttpHandler Handled request in 526ms; sending code 200
2026-01-19 07:08:43.700 GMT+01:00 INFO  org.languagetool.server.LanguageToolHttpHandler Handling POST /v2/check
2026-01-19 07:08:44.189 GMT+01:00 INFO  org.languagetool.server.TextChecker Check done: 13 chars, de-DE, requestId: null, #9, null, 0/2 matches, 489ms, agent:-, sent, q:0, h:1, dH:1, r:10, m:all, premium: false
2026-01-19 07:08:44.189 GMT+01:00 INFO  org.languagetool.server.LanguageToolHttpHandler Handled request in 489ms; sending code 200
2026-01-19 07:08:44.495 GMT+01:00 INFO  org.languagetool.server.LanguageToolHttpHandler Handling POST /v2/check
2026-01-19 07:08:44.934 GMT+01:00 INFO  org.languagetool.server.TextChecker Check done: 14 chars, de-DE, requestId: null, #10, null, 0/2 matches, 438ms, agent:-, sent, q:0, h:1, dH:1, r:11, m:all, premium: false
2026-01-19 07:08:44.934 GMT+01:00 INFO  org.languagetool.server.LanguageToolHttpHandler Handled request in 439ms; sending code 200
2026-01-19 07:08:45.244 GMT+01:00 INFO  org.languagetool.server.LanguageToolHttpHandler Handling POST /v2/check
2026-01-19 07:08:45.747 GMT+01:00 INFO  org.languagetool.server.TextChecker Check done: 17 chars, de-DE, requestId: null, #11, null, 0/2 matches, 503ms, agent:-, sent, q:0, h:1, dH:1, r:12, m:all, premium: false
2026-01-19 07:08:45.747 GMT+01:00 INFO  org.languagetool.server.LanguageToolHttpHandler Handled request in 503ms; sending code 200
2026-01-19 07:08:46.063 GMT+01:00 INFO  org.languagetool.server.LanguageToolHttpHandler Handling POST /v2/check
2026-01-19 07:08:46.587 GMT+01:00 INFO  org.languagetool.server.TextChecker Check done: 23 chars, de-DE, requestId: null, #12, null, 0/2 matches, 524ms, agent:-, sent, q:0, h:1, dH:1, r:13, m:all, premium: false
2026-01-19 07:08:46.587 GMT+01:00 INFO  org.languagetool.server.LanguageToolHttpHandler Handled request in 524ms; sending code 200
2026-01-19 07:08:46.943 GMT+01:00 INFO  org.languagetool.server.LanguageToolHttpHandler Handling POST /v2/check
2026-01-19 07:08:47.419 GMT+01:00 INFO  org.languagetool.server.TextChecker Check done: 16 chars, de-DE, requestId: null, #13, null, 0/2 matches, 476ms, agent:-, sent, q:0, h:1, dH:1, r:14, m:all, premium: false
2026-01-19 07:08:47.419 GMT+01:00 INFO  org.languagetool.server.LanguageToolHttpHandler Handled request in 476ms; sending code 200
2026-01-19 07:08:47.780 GMT+01:00 INFO  org.languagetool.server.LanguageToolHttpHandler Handling POST /v2/check
2026-01-19 07:08:48.286 GMT+01:00 INFO  org.languagetool.server.TextChecker Check done: 21 chars, de-DE, requestId: null, #14, null, 0/2 matches, 505ms, agent:-, sent, q:0, h:1, dH:1, r:15, m:all, premium: false
2026-01-19 07:08:48.287 GMT+01:00 INFO  org.languagetool.server.LanguageToolHttpHandler Handled request in 507ms; sending code 200
2026-01-19 07:08:50.025 GMT+01:00 INFO  org.languagetool.server.LanguageToolHttpHandler Handling POST /v2/check
2026-01-19 07:08:50.475 GMT+01:00 INFO  org.languagetool.server.TextChecker Check done: 11 chars, de-DE, requestId: null, #15, null, 0/1 matches, 450ms, agent:-, sent, q:0, h:1, dH:1, r:16, m:all, premium: false
2026-01-19 07:08:50.475 GMT+01:00 INFO  org.languagetool.server.LanguageToolHttpHandler Handled request in 450ms; sending code 200
2026-01-19 07:08:50.773 GMT+01:00 INFO  org.languagetool.server.LanguageToolHttpHandler Handling POST /v2/check
2026-01-19 07:08:51.206 GMT+01:00 INFO  org.languagetool.server.TextChecker Check done: 11 chars, de-DE, requestId: null, #16, null, 0/1 matches, 433ms, agent:-, sent, q:0, h:1, dH:1, r:17, m:all, premium: false
2026-01-19 07:08:51.206 GMT+01:00 INFO  org.languagetool.server.LanguageToolHttpHandler Handled request in 433ms; sending code 200
2026-01-19 07:08:51.515 GMT+01:00 INFO  org.languagetool.server.LanguageToolHttpHandler Handling POST /v2/check
2026-01-19 07:08:52.014 GMT+01:00 INFO  org.languagetool.server.TextChecker Check done: 14 chars, de-DE, requestId: null, #17, null, 0/1 matches, 498ms, agent:-, sent, q:0, h:1, dH:1, r:18, m:all, premium: false
2026-01-19 07:08:52.014 GMT+01:00 INFO  org.languagetool.server.LanguageToolHttpHandler Handled request in 499ms; sending code 200
2026-01-19 07:08:52.310 GMT+01:00 INFO  org.languagetool.server.LanguageToolHttpHandler Handling POST /v2/check
2026-01-19 07:08:52.741 GMT+01:00 INFO  org.languagetool.server.TextChecker Check done: 12 chars, de-DE, requestId: null, #18, null, 0/1 matches, 430ms, agent:-, sent, q:0, h:1, dH:1, r:19, m:all, premium: false
2026-01-19 07:08:52.741 GMT+01:00 INFO  org.languagetool.server.LanguageToolHttpHandler Handled request in 431ms; sending code 200
2026-01-19 07:08:53.041 GMT+01:00 INFO  org.languagetool.server.LanguageToolHttpHandler Handling POST /v2/check
2026-01-19 07:08:53.489 GMT+01:00 INFO  org.languagetool.server.TextChecker Check done: 14 chars, de-DE, requestId: null, #19, null, 0/1 matches, 448ms, agent:-, sent, q:0, h:1, dH:1, r:20, m:all, premium: false
2026-01-19 07:08:53.490 GMT+01:00 INFO  org.languagetool.server.LanguageToolHttpHandler Handled request in 449ms; sending code 200
2026-01-19 07:08:53.784 GMT+01:00 INFO  org.languagetool.server.LanguageToolHttpHandler Handling POST /v2/check
2026-01-19 07:08:54.267 GMT+01:00 INFO  org.languagetool.server.TextChecker Check done: 10 chars, de-DE, requestId: null, #20, null, 0/1 matches, 483ms, agent:-, sent, q:0, h:1, dH:1, r:21, m:all, premium: false
2026-01-19 07:08:54.268 GMT+01:00 INFO  org.languagetool.server.LanguageToolHttpHandler Handled request in 484ms; sending code 200
2026-01-19 07:08:54.585 GMT+01:00 INFO  org.languagetool.server.LanguageToolHttpHandler Handling POST /v2/check
2026-01-19 07:08:55.022 GMT+01:00 INFO  org.languagetool.server.TextChecker Check done: 15 chars, de-DE, requestId: null, #21, null, 0/2 matches, 436ms, agent:-, sent, q:0, h:1, dH:1, r:22, m:all, premium: false
2026-01-19 07:08:55.022 GMT+01:00 INFO  org.languagetool.server.LanguageToolHttpHandler Handled request in 438ms; sending code 200
2026-01-19 07:08:55.331 GMT+01:00 INFO  org.languagetool.server.LanguageToolHttpHandler Handling POST /v2/check
2026-01-19 07:08:55.786 GMT+01:00 INFO  org.languagetool.server.TextChecker Check done: 10 chars, de-DE, requestId: null, #22, null, 0/1 matches, 455ms, agent:-, sent, q:0, h:1, dH:1, r:23, m:all, premium: false
2026-01-19 07:08:55.786 GMT+01:00 INFO  org.languagetool.server.LanguageToolHttpHandler Handled request in 455ms; sending code 200
2026-01-19 07:08:56.093 GMT+01:00 INFO  org.languagetool.server.LanguageToolHttpHandler Handling POST /v2/check
2026-01-19 07:08:56.593 GMT+01:00 INFO  org.languagetool.server.TextChecker Check done: 19 chars, de-DE, requestId: null, #23, null, 0/1 matches, 500ms, agent:-, sent, q:0, h:1, dH:1, r:24, m:all, premium: false
2026-01-19 07:08:56.593 GMT+01:00 INFO  org.languagetool.server.LanguageToolHttpHandler Handled request in 500ms; sending code 200
2026-01-19 07:08:56.897 GMT+01:00 INFO  org.languagetool.server.LanguageToolHttpHandler Handling POST /v2/check
2026-01-19 07:08:57.335 GMT+01:00 INFO  org.languagetool.server.TextChecker Check done: 19 chars, de-DE, requestId: null, #24, null, 0/1 matches, 438ms, agent:-, sent, q:0, h:1, dH:1, r:25, m:all, premium: false
2026-01-19 07:08:57.335 GMT+01:00 INFO  org.languagetool.server.LanguageToolHttpHandler Handled request in 438ms; sending code 200
2026-01-19 07:08:57.635 GMT+01:00 INFO  org.languagetool.server.LanguageToolHttpHandler Handling POST /v2/check
2026-01-19 07:08:58.089 GMT+01:00 INFO  org.languagetool.server.TextChecker Check done: 12 chars, de-DE, requestId: null, #25, null, 0/2 matches, 454ms, agent:-, sent, q:0, h:1, dH:1, r:26, m:all, premium: false
2026-01-19 07:08:58.090 GMT+01:00 INFO  org.languagetool.server.LanguageToolHttpHandler Handled request in 455ms; sending code 200
2026-01-19 07:08:58.388 GMT+01:00 INFO  org.languagetool.server.LanguageToolHttpHandler Handling POST /v2/check
2026-01-19 07:08:58.895 GMT+01:00 INFO  org.languagetool.server.TextChecker Check done: 12 chars, de-DE, requestId: null, #26, null, 0/2 matches, 507ms, agent:-, sent, q:0, h:1, dH:1, r:27, m:all, premium: false
2026-01-19 07:08:58.895 GMT+01:00 INFO  org.languagetool.server.LanguageToolHttpHandler Handled request in 508ms; sending code 200
2026-01-19 07:08:59.172 GMT+01:00 INFO  org.languagetool.server.LanguageToolHttpHandler Handling POST /v2/check
2026-01-19 07:08:59.595 GMT+01:00 INFO  org.languagetool.server.TextChecker Check done: 13 chars, de-DE, requestId: null, #27, null, 0/1 matches, 422ms, agent:-, sent, q:0, h:1, dH:1, r:28, m:all, premium: false
2026-01-19 07:08:59.595 GMT+01:00 INFO  org.languagetool.server.LanguageToolHttpHandler Handled request in 423ms; sending code 200
2026-01-19 07:08:59.896 GMT+01:00 INFO  org.languagetool.server.LanguageToolHttpHandler Handling POST /v2/check
2026-01-19 07:09:00.339 GMT+01:00 INFO  org.languagetool.server.TextChecker Check done: 22 chars, de-DE, requestId: null, #28, null, 0/1 matches, 443ms, agent:-, sent, q:0, h:1, dH:1, r:29, m:all, premium: false
2026-01-19 07:09:00.339 GMT+01:00 INFO  org.languagetool.server.LanguageToolHttpHandler Handled request in 443ms; sending code 200
2026-01-19 07:09:00.635 GMT+01:00 INFO  org.languagetool.server.LanguageToolHttpHandler Handling POST /v2/check
2026-01-19 07:09:01.121 GMT+01:00 INFO  org.languagetool.server.TextChecker Check done: 5 chars, de-DE, requestId: null, #29, null, 0/0 matches, 486ms, agent:-, sent, q:0, h:1, dH:1, r:30, m:all, premium: false
2026-01-19 07:09:01.121 GMT+01:00 INFO  org.languagetool.server.LanguageToolHttpHandler Handled request in 486ms; sending code 200
2026-01-19 07:09:01.433 GMT+01:00 INFO  org.languagetool.server.LanguageToolHttpHandler Handling POST /v2/check
2026-01-19 07:09:01.855 GMT+01:00 INFO  org.languagetool.server.TextChecker Check done: 7 chars, de-DE, requestId: null, #30, null, 0/0 matches, 422ms, agent:-, sent, q:0, h:1, dH:1, r:31, m:all, premium: false
2026-01-19 07:09:01.856 GMT+01:00 INFO  org.languagetool.server.LanguageToolHttpHandler Handled request in 423ms; sending code 200
2026-01-19 07:09:02.157 GMT+01:00 INFO  org.languagetool.server.LanguageToolHttpHandler Handling POST /v2/check
2026-01-19 07:09:02.593 GMT+01:00 INFO  org.languagetool.server.TextChecker Check done: 3 chars, de-DE, requestId: null, #31, null, 0/0 matches, 435ms, agent:-, sent, q:0, h:1, dH:1, r:32, m:all, premium: false
2026-01-19 07:09:02.593 GMT+01:00 INFO  org.languagetool.server.LanguageToolHttpHandler Handled request in 436ms; sending code 200
2026-01-19 07:09:02.896 GMT+01:00 INFO  org.languagetool.server.LanguageToolHttpHandler Handling POST /v2/check
2026-01-19 07:09:03.387 GMT+01:00 INFO  org.languagetool.server.TextChecker Check done: 6 chars, de-DE, requestId: null, #32, null, 0/0 matches, 490ms, agent:-, sent, q:0, h:1, dH:1, r:33, m:all, premium: false
2026-01-19 07:09:03.387 GMT+01:00 INFO  org.languagetool.server.LanguageToolHttpHandler Handled request in 491ms; sending code 200
2026-01-19 07:09:03.691 GMT+01:00 INFO  org.languagetool.server.LanguageToolHttpHandler Handling POST /v2/check
2026-01-19 07:09:04.122 GMT+01:00 INFO  org.languagetool.server.TextChecker Check done: 6 chars, de-DE, requestId: null, #33, null, 0/1 matches, 431ms, agent:-, sent, q:0, h:1, dH:1, r:34, m:all, premium: false
2026-01-19 07:09:04.123 GMT+01:00 INFO  org.languagetool.server.LanguageToolHttpHandler Handled request in 432ms; sending code 200
2026-01-19 07:09:04.407 GMT+01:00 INFO  org.languagetool.server.LanguageToolHttpHandler Handling POST /v2/check
2026-01-19 07:09:04.843 GMT+01:00 INFO  org.languagetool.server.TextChecker Check done: 4 chars, de-DE, requestId: null, #34, null, 0/0 matches, 436ms, agent:-, sent, q:0, h:1, dH:1, r:35, m:all, premium: false
2026-01-19 07:09:04.843 GMT+01:00 INFO  org.languagetool.server.LanguageToolHttpHandler Handled request in 436ms; sending code 200
2026-01-19 07:09:05.143 GMT+01:00 INFO  org.languagetool.server.LanguageToolHttpHandler Handling POST /v2/check
2026-01-19 07:09:05.659 GMT+01:00 INFO  org.languagetool.server.TextChecker Check done: 4 chars, de-DE, requestId: null, #35, null, 0/1 matches, 516ms, agent:-, sent, q:0, h:1, dH:1, r:36, m:all, premium: false
2026-01-19 07:09:05.659 GMT+01:00 INFO  org.languagetool.server.LanguageToolHttpHandler Handled request in 516ms; sending code 200
2026-01-19 07:09:05.958 GMT+01:00 INFO  org.languagetool.server.LanguageToolHttpHandler Handling POST /v2/check
2026-01-19 07:09:06.381 GMT+01:00 INFO  org.languagetool.server.TextChecker Check done: 4 chars, de-DE, requestId: null, #36, null, 0/0 matches, 423ms, agent:-, sent, q:0, h:1, dH:1, r:37, m:all, premium: false
2026-01-19 07:09:06.382 GMT+01:00 INFO  org.languagetool.server.LanguageToolHttpHandler Handled request in 424ms; sending code 200
2026-01-19 07:09:06.682 GMT+01:00 INFO  org.languagetool.server.LanguageToolHttpHandler Handling POST /v2/check
2026-01-19 07:09:07.125 GMT+01:00 INFO  org.languagetool.server.TextChecker Check done: 5 chars, de-DE, requestId: null, #37, null, 0/1 matches, 443ms, agent:-, sent, q:0, h:1, dH:1, r:38, m:all, premium: false
2026-01-19 07:09:07.125 GMT+01:00 INFO  org.languagetool.server.LanguageToolHttpHandler Handled request in 443ms; sending code 200
2026-01-19 07:09:07.430 GMT+01:00 INFO  org.languagetool.server.LanguageToolHttpHandler Handling POST /v2/check
2026-01-19 07:09:07.923 GMT+01:00 INFO  org.languagetool.server.TextChecker Check done: 12 chars, de-DE, requestId: null, #38, null, 0/2 matches, 493ms, agent:-, sent, q:0, h:1, dH:1, r:39, m:all, premium: false
2026-01-19 07:09:07.923 GMT+01:00 INFO  org.languagetool.server.LanguageToolHttpHandler Handled request in 494ms; sending code 200
2026-01-19 07:09:08.226 GMT+01:00 INFO  org.languagetool.server.LanguageToolHttpHandler Handling POST /v2/check
2026-01-19 07:09:08.655 GMT+01:00 INFO  org.languagetool.server.TextChecker Check done: 13 chars, de-DE, requestId: null, #39, null, 0/1 matches, 429ms, agent:-, sent, q:0, h:1, dH:1, r:40, m:all, premium: false
2026-01-19 07:09:08.655 GMT+01:00 INFO  org.languagetool.server.LanguageToolHttpHandler Handled request in 429ms; sending code 200
2026-01-19 07:09:08.956 GMT+01:00 INFO  org.languagetool.server.LanguageToolHttpHandler Handling POST /v2/check
2026-01-19 07:09:09.392 GMT+01:00 INFO  org.languagetool.server.TextChecker Check done: 10 chars, de-DE, requestId: null, #40, null, 0/0 matches, 436ms, agent:-, sent, q:0, h:1, dH:1, r:41, m:all, premium: false
2026-01-19 07:09:09.392 GMT+01:00 INFO  org.languagetool.server.LanguageToolHttpHandler Handled request in 436ms; sending code 200
2026-01-19 07:09:09.677 GMT+01:00 INFO  org.languagetool.server.LanguageToolHttpHandler Handling POST /v2/check
2026-01-19 07:09:10.153 GMT+01:00 INFO  org.languagetool.server.TextChecker Check done: 5 chars, de-DE, requestId: null, #41, null, 0/0 matches, 476ms, agent:-, sent, q:0, h:1, dH:1, r:42, m:all, premium: false
2026-01-19 07:09:10.153 GMT+01:00 INFO  org.languagetool.server.LanguageToolHttpHandler Handled request in 476ms; sending code 200
2026-01-19 07:09:10.456 GMT+01:00 INFO  org.languagetool.server.LanguageToolHttpHandler Handling POST /v2/check
2026-01-19 07:09:10.880 GMT+01:00 INFO  org.languagetool.server.TextChecker Check done: 6 chars, de-DE, requestId: null, #42, null, 0/1 matches, 423ms, agent:-, sent, q:0, h:1, dH:1, r:43, m:all, premium: false
2026-01-19 07:09:10.880 GMT+01:00 INFO  org.languagetool.server.LanguageToolHttpHandler Handled request in 424ms; sending code 200
2026-01-19 07:09:11.179 GMT+01:00 INFO  org.languagetool.server.LanguageToolHttpHandler Handling POST /v2/check
2026-01-19 07:09:11.622 GMT+01:00 INFO  org.languagetool.server.TextChecker Check done: 9 chars, de-DE, requestId: null, #43, null, 0/1 matches, 442ms, agent:-, sent, q:0, h:1, dH:1, r:44, m:all, premium: false
2026-01-19 07:09:11.622 GMT+01:00 INFO  org.languagetool.server.LanguageToolHttpHandler Handled request in 443ms; sending code 200
2026-01-19 07:09:11.926 GMT+01:00 INFO  org.languagetool.server.LanguageToolHttpHandler Handling POST /v2/check
2026-01-19 07:09:12.419 GMT+01:00 INFO  org.languagetool.server.TextChecker Check done: 11 chars, de-DE, requestId: null, #44, null, 0/2 matches, 492ms, agent:-, sent, q:0, h:1, dH:1, r:45, m:all, premium: false
2026-01-19 07:09:12.420 GMT+01:00 INFO  org.languagetool.server.LanguageToolHttpHandler Handled request in 494ms; sending code 200
2026-01-19 07:09:12.720 GMT+01:00 INFO  org.languagetool.server.LanguageToolHttpHandler Handling POST /v2/check
2026-01-19 07:09:13.162 GMT+01:00 INFO  org.languagetool.server.TextChecker Check done: 15 chars, de-DE, requestId: null, #45, null, 0/1 matches, 440ms, agent:-, sent, q:0, h:1, dH:1, r:46, m:all, premium: false
2026-01-19 07:09:13.162 GMT+01:00 INFO  org.languagetool.server.LanguageToolHttpHandler Handled request in 442ms; sending code 200
2026-01-19 07:09:13.464 GMT+01:00 INFO  org.languagetool.server.LanguageToolHttpHandler Handling POST /v2/check
2026-01-19 07:09:13.914 GMT+01:00 INFO  org.languagetool.server.TextChecker Check done: 21 chars, de-DE, requestId: null, #46, null, 0/2 matches, 450ms, agent:-, sent, q:0, h:1, dH:1, r:47, m:all, premium: false
2026-01-19 07:09:13.914 GMT+01:00 INFO  org.languagetool.server.LanguageToolHttpHandler Handled request in 450ms; sending code 200
2026-01-19 07:09:14.217 GMT+01:00 INFO  org.languagetool.server.LanguageToolHttpHandler Handling POST /v2/check
2026-01-19 07:09:14.706 GMT+01:00 INFO  org.languagetool.server.TextChecker Check done: 19 chars, de-DE, requestId: null, #47, null, 0/1 matches, 488ms, agent:-, sent, q:0, h:1, dH:1, r:48, m:all, premium: false
2026-01-19 07:09:14.707 GMT+01:00 INFO  org.languagetool.server.LanguageToolHttpHandler Handled request in 490ms; sending code 200
2026-01-19 07:09:14.997 GMT+01:00 INFO  org.languagetool.server.LanguageToolHttpHandler Handling POST /v2/check
2026-01-19 07:09:15.427 GMT+01:00 INFO  org.languagetool.server.TextChecker Check done: 5 chars, de-DE, requestId: null, #48, null, 0/1 matches, 430ms, agent:-, sent, q:0, h:1, dH:1, r:49, m:all, premium: false
2026-01-19 07:09:15.427 GMT+01:00 INFO  org.languagetool.server.LanguageToolHttpHandler Handled request in 430ms; sending code 200
2026-01-19 07:09:15.732 GMT+01:00 INFO  org.languagetool.server.LanguageToolHttpHandler Handling POST /v2/check
2026-01-19 07:09:16.185 GMT+01:00 INFO  org.languagetool.server.TextChecker Check done: 15 chars, de-DE, requestId: null, #49, null, 0/2 matches, 453ms, agent:-, sent, q:0, h:1, dH:1, r:50, m:all, premium: false
2026-01-19 07:09:16.185 GMT+01:00 INFO  org.languagetool.server.LanguageToolHttpHandler Handled request in 453ms; sending code 200
2026-01-19 07:09:16.514 GMT+01:00 INFO  org.languagetool.server.LanguageToolHttpHandler Handling POST /v2/check
2026-01-19 07:09:16.995 GMT+01:00 INFO  org.languagetool.server.TextChecker Check done: 15 chars, de-DE, requestId: null, #50, null, 0/1 matches, 480ms, agent:-, sent, q:0, h:1, dH:1, r:51, m:all, premium: false
2026-01-19 07:09:16.996 GMT+01:00 INFO  org.languagetool.server.LanguageToolHttpHandler Handled request in 482ms; sending code 200
2026-01-19 07:09:17.295 GMT+01:00 INFO  org.languagetool.server.LanguageToolHttpHandler Handling POST /v2/check
2026-01-19 07:09:17.725 GMT+01:00 INFO  org.languagetool.server.TextChecker Check done: 21 chars, de-DE, requestId: null, #51, null, 0/2 matches, 429ms, agent:-, sent, q:0, h:1, dH:1, r:52, m:all, premium: false
2026-01-19 07:09:17.725 GMT+01:00 INFO  org.languagetool.server.LanguageToolHttpHandler Handled request in 430ms; sending code 200
2026-01-19 07:09:18.025 GMT+01:00 INFO  org.languagetool.server.LanguageToolHttpHandler Handling POST /v2/check
2026-01-19 07:09:18.467 GMT+01:00 INFO  org.languagetool.server.TextChecker Check done: 13 chars, de-DE, requestId: null, #52, null, 0/2 matches, 442ms, agent:-, sent, q:0, h:1, dH:1, r:53, m:all, premium: false
2026-01-19 07:09:18.467 GMT+01:00 INFO  org.languagetool.server.LanguageToolHttpHandler Handled request in 442ms; sending code 200
2026-01-19 07:09:18.779 GMT+01:00 INFO  org.languagetool.server.LanguageToolHttpHandler Handling POST /v2/check
2026-01-19 07:09:19.268 GMT+01:00 INFO  org.languagetool.server.TextChecker Check done: 5 chars, de-DE, requestId: null, #53, null, 0/0 matches, 489ms, agent:-, sent, q:0, h:1, dH:1, r:54, m:all, premium: false
2026-01-19 07:09:19.269 GMT+01:00 INFO  org.languagetool.server.LanguageToolHttpHandler Handled request in 490ms; sending code 200
2026-01-19 07:09:19.570 GMT+01:00 INFO  org.languagetool.server.LanguageToolHttpHandler Handling POST /v2/check
2026-01-19 07:09:20.046 GMT+01:00 INFO  org.languagetool.server.TextChecker Check done: 20 chars, de-DE, requestId: null, #54, null, 0/1 matches, 476ms, agent:-, sent, q:0, h:1, dH:1, r:55, m:all, premium: false
2026-01-19 07:09:20.046 GMT+01:00 INFO  org.languagetool.server.LanguageToolHttpHandler Handled request in 476ms; sending code 200
2026-01-19 07:09:20.477 GMT+01:00 INFO  org.languagetool.server.LanguageToolHttpHandler Handling POST /v2/check
2026-01-19 07:09:20.995 GMT+01:00 INFO  org.languagetool.server.TextChecker Check done: 32 chars, de-DE, requestId: null, #55, null, 0/3 matches, 518ms, agent:-, sent, q:0, h:1, dH:1, r:56, m:all, premium: false
2026-01-19 07:09:20.995 GMT+01:00 INFO  org.languagetool.server.LanguageToolHttpHandler Handled request in 518ms; sending code 200
2026-01-19 07:09:21.326 GMT+01:00 INFO  org.languagetool.server.LanguageToolHttpHandler Handling POST /v2/check
2026-01-19 07:09:21.856 GMT+01:00 INFO  org.languagetool.server.TextChecker Check done: 37 chars, de-DE, requestId: null, #56, null, 0/3 matches, 529ms, agent:-, sent, q:0, h:1, dH:1, r:57, m:all, premium: false
2026-01-19 07:09:21.857 GMT+01:00 INFO  org.languagetool.server.LanguageToolHttpHandler Handled request in 531ms; sending code 200
2026-01-19 07:09:22.176 GMT+01:00 INFO  org.languagetool.server.LanguageToolHttpHandler Handling POST /v2/check
2026-01-19 07:09:22.630 GMT+01:00 INFO  org.languagetool.server.TextChecker Check done: 49 chars, de-DE, requestId: null, #57, null, 0/2 matches, 453ms, agent:-, sent, q:0, h:1, dH:1, r:58, m:all, premium: false
2026-01-19 07:09:22.630 GMT+01:00 INFO  org.languagetool.server.LanguageToolHttpHandler Handled request in 454ms; sending code 200
2026-01-19 07:09:22.958 GMT+01:00 INFO  org.languagetool.server.LanguageToolHttpHandler Handling POST /v2/check
2026-01-19 07:09:23.414 GMT+01:00 INFO  org.languagetool.server.TextChecker Check done: 61 chars, de-DE, requestId: null, #58, null, 0/4 matches, 456ms, agent:-, sent, q:0, h:1, dH:1, r:59, m:all, premium: false
2026-01-19 07:09:23.414 GMT+01:00 INFO  org.languagetool.server.LanguageToolHttpHandler Handled request in 456ms; sending code 200
2026-01-19 07:32:20.080 GMT+01:00 INFO  org.languagetool.server.LanguageToolHttpHandler Handling POST /v2/check
2026-01-19 07:32:20.812 GMT+01:00 INFO  org.languagetool.server.TextChecker Check done: 32 chars, de-DE, requestId: null, #59, null, 0/2 matches, 732ms, agent:-, sent, q:0, h:1, dH:1, r:60, m:all, premium: false
2026-01-19 07:32:20.812 GMT+01:00 INFO  org.languagetool.server.LanguageToolHttpHandler Handled request in 732ms; sending code 200
2026-01-19 07:50:59.403 GMT+01:00 INFO  org.languagetool.server.LanguageToolHttpHandler Handling POST /v2/check
2026-01-19 07:51:00.088 GMT+01:00 INFO  org.languagetool.server.TextChecker Check done: 84 chars, de-DE, requestId: null, #60, null, 0/3 matches, 685ms, agent:-, sent, q:0, h:1, dH:1, r:61, m:all, premium: false
2026-01-19 07:51:00.089 GMT+01:00 INFO  org.languagetool.server.LanguageToolHttpHandler Handled request in 686ms; sending code 200
2026-01-19 07:51:16.797 GMT+01:00 INFO  org.languagetool.server.LanguageToolHttpHandler Handling POST /v2/check
2026-01-19 07:51:17.318 GMT+01:00 INFO  org.languagetool.server.TextChecker Check done: 64 chars, de-DE, requestId: null, #61, null, 0/3 matches, 521ms, agent:-, sent, q:0, h:1, dH:1, r:62, m:all, premium: false
2026-01-19 07:51:17.319 GMT+01:00 INFO  org.languagetool.server.LanguageToolHttpHandler Handled request in 522ms; sending code 200
2026-01-19 07:51:36.711 GMT+01:00 INFO  org.languagetool.server.LanguageToolHttpHandler Handling POST /v2/check
2026-01-19 07:51:37.164 GMT+01:00 INFO  org.languagetool.server.TextChecker Check done: 24 chars, de-DE, requestId: null, #62, null, 0/1 matches, 453ms, agent:-, sent, q:0, h:1, dH:1, r:63, m:all, premium: false
2026-01-19 07:51:37.164 GMT+01:00 INFO  org.languagetool.server.LanguageToolHttpHandler Handled request in 453ms; sending code 200
2026-01-19 08:00:57.150 GMT+01:00 INFO  org.languagetool.server.LanguageToolHttpHandler Handling POST /v2/check
2026-01-19 08:00:57.636 GMT+01:00 INFO  org.languagetool.server.TextChecker Check done: 104 chars, de-DE, requestId: null, #63, null, 0/3 matches, 485ms, agent:-, sent, q:0, h:1, dH:1, r:64, m:all, premium: false
2026-01-19 08:00:57.637 GMT+01:00 INFO  org.languagetool.server.LanguageToolHttpHandler Handled request in 487ms; sending code 200
2026-01-19 08:10:34.531 GMT+01:00 INFO  org.languagetool.server.LanguageToolHttpHandler Handling POST /v2/check
2026-01-19 08:10:35.060 GMT+01:00 INFO  org.languagetool.server.TextChecker Check done: 56 chars, de-DE, requestId: null, #64, null, 0/3 matches, 529ms, agent:-, sent, q:0, h:1, dH:1, r:65, m:all, premium: false
2026-01-19 08:10:35.060 GMT+01:00 INFO  org.languagetool.server.LanguageToolHttpHandler Handled request in 529ms; sending code 200
2026-01-19 08:36:00.916 GMT+01:00 INFO  org.languagetool.server.LanguageToolHttpHandler Handling POST /v2/check
2026-01-19 08:36:01.528 GMT+01:00 INFO  org.languagetool.server.TextChecker Check done: 59 chars, de-DE, requestId: null, #65, null, 0/1 matches, 611ms, agent:-, sent, q:0, h:1, dH:1, r:66, m:all, premium: false
2026-01-19 08:36:01.528 GMT+01:00 INFO  org.languagetool.server.LanguageToolHttpHandler Handled request in 612ms; sending code 200
2026-01-19 08:36:13.336 GMT+01:00 INFO  org.languagetool.server.LanguageToolHttpHandler Handling POST /v2/check
2026-01-19 08:36:13.879 GMT+01:00 INFO  org.languagetool.server.TextChecker Check done: 48 chars, de-DE, requestId: null, #66, null, 0/2 matches, 543ms, agent:-, sent, q:0, h:1, dH:1, r:67, m:all, premium: false
2026-01-19 08:36:13.879 GMT+01:00 INFO  org.languagetool.server.LanguageToolHttpHandler Handled request in 543ms; sending code 200
2026-01-19 08:43:21.231 GMT+01:00 INFO  org.languagetool.server.LanguageToolHttpHandler Handling POST /v2/check
2026-01-19 08:43:21.697 GMT+01:00 INFO  org.languagetool.server.TextChecker Check done: 69 chars, de-DE, requestId: null, #67, null, 0/2 matches, 466ms, agent:-, sent, q:0, h:1, dH:1, r:68, m:all, premium: false
2026-01-19 08:43:21.697 GMT+01:00 INFO  org.languagetool.server.LanguageToolHttpHandler Handled request in 467ms; sending code 200
2026-01-19 08:44:10.585 GMT+01:00 INFO  org.languagetool.server.LanguageToolHttpHandler Handling POST /v2/check
2026-01-19 08:44:11.066 GMT+01:00 INFO  org.languagetool.server.TextChecker Check done: 51 chars, de-DE, requestId: null, #68, null, 0/2 matches, 481ms, agent:-, sent, q:0, h:1, dH:1, r:69, m:all, premium: false
2026-01-19 08:44:11.066 GMT+01:00 INFO  org.languagetool.server.LanguageToolHttpHandler Handled request in 481ms; sending code 200
2026-01-19 08:44:30.978 GMT+01:00 INFO  org.languagetool.server.LanguageToolHttpHandler Handling POST /v2/check
2026-01-19 08:44:31.483 GMT+01:00 INFO  org.languagetool.server.TextChecker Check done: 41 chars, de-DE, requestId: null, #69, null, 0/2 matches, 504ms, agent:-, sent, q:0, h:1, dH:1, r:70, m:all, premium: false
2026-01-19 08:44:31.483 GMT+01:00 INFO  org.languagetool.server.LanguageToolHttpHandler Handled request in 505ms; sending code 200
2026-01-19 08:44:53.041 GMT+01:00 INFO  org.languagetool.server.LanguageToolHttpHandler Handling POST /v2/check
2026-01-19 08:44:53.496 GMT+01:00 INFO  org.languagetool.server.TextChecker Check done: 26 chars, de-DE, requestId: null, #70, null, 0/2 matches, 455ms, agent:-, sent, q:0, h:1, dH:1, r:71, m:all, premium: false
2026-01-19 08:44:53.496 GMT+01:00 INFO  org.languagetool.server.LanguageToolHttpHandler Handled request in 455ms; sending code 200
2026-01-19 08:45:09.645 GMT+01:00 INFO  org.languagetool.server.LanguageToolHttpHandler Handling POST /v2/check
2026-01-19 08:45:10.119 GMT+01:00 INFO  org.languagetool.server.TextChecker Check done: 35 chars, de-DE, requestId: null, #71, null, 0/2 matches, 473ms, agent:-, sent, q:0, h:1, dH:1, r:72, m:all, premium: false
2026-01-19 08:45:10.119 GMT+01:00 INFO  org.languagetool.server.LanguageToolHttpHandler Handled request in 474ms; sending code 200
2026-01-19 08:50:52.138 GMT+01:00 INFO  org.languagetool.server.LanguageToolHttpHandler Handling POST /v2/check
2026-01-19 08:50:52.651 GMT+01:00 INFO  org.languagetool.server.TextChecker Check done: 47 chars, de-DE, requestId: null, #72, null, 0/2 matches, 513ms, agent:-, sent, q:0, h:1, dH:1, r:73, m:all, premium: false
2026-01-19 08:50:52.651 GMT+01:00 INFO  org.languagetool.server.LanguageToolHttpHandler Handled request in 513ms; sending code 200
2026-01-19 09:08:23.221 GMT+01:00 INFO  org.languagetool.server.LanguageToolHttpHandler Handling POST /v2/check
2026-01-19 09:08:23.878 GMT+01:00 INFO  org.languagetool.server.TextChecker Check done: 75 chars, de-DE, requestId: null, #73, null, 0/2 matches, 657ms, agent:-, sent, q:0, h:1, dH:1, r:74, m:all, premium: false
2026-01-19 09:08:23.878 GMT+01:00 INFO  org.languagetool.server.LanguageToolHttpHandler Handled request in 657ms; sending code 200
2026-01-19 09:09:00.944 GMT+01:00 INFO  org.languagetool.server.LanguageToolHttpHandler Handling POST /v2/check
2026-01-19 09:09:01.435 GMT+01:00 INFO  org.languagetool.server.TextChecker Check done: 15 chars, de-DE, requestId: null, #74, null, 0/1 matches, 491ms, agent:-, sent, q:0, h:1, dH:1, r:75, m:all, premium: false
2026-01-19 09:09:01.435 GMT+01:00 INFO  org.languagetool.server.LanguageToolHttpHandler Handled request in 492ms; sending code 200
2026-01-19 09:09:12.950 GMT+01:00 INFO  org.languagetool.server.LanguageToolHttpHandler Handling POST /v2/check
2026-01-19 09:09:13.406 GMT+01:00 INFO  org.languagetool.server.TextChecker Check done: 72 chars, de-DE, requestId: null, #75, null, 0/3 matches, 454ms, agent:-, sent, q:0, h:1, dH:1, r:76, m:all, premium: false
2026-01-19 09:09:13.406 GMT+01:00 INFO  org.languagetool.server.LanguageToolHttpHandler Handled request in 456ms; sending code 200
2026-01-19 09:09:24.935 GMT+01:00 INFO  org.languagetool.server.LanguageToolHttpHandler Handling POST /v2/check
2026-01-19 09:09:25.379 GMT+01:00 INFO  org.languagetool.server.TextChecker Check done: 40 chars, de-DE, requestId: null, #76, null, 0/2 matches, 443ms, agent:-, sent, q:0, h:1, dH:1, r:77, m:all, premium: false
2026-01-19 09:09:25.379 GMT+01:00 INFO  org.languagetool.server.LanguageToolHttpHandler Handled request in 444ms; sending code 200
2026-01-19 09:16:02.483 GMT+01:00 INFO  org.languagetool.server.LanguageToolHttpHandler Handling GET /v2/languages
2026-01-19 09:16:02.483 GMT+01:00 INFO  org.languagetool.server.LanguageToolHttpHandler Handled request in 0ms; sending code 200
2026-01-19 09:16:07.904 GMT+01:00 INFO  org.languagetool.server.LanguageToolHttpHandler Handling POST /v2/check
2026-01-19 09:16:08.375 GMT+01:00 INFO  org.languagetool.server.TextChecker Check done: 6 chars, de-DE, requestId: null, #77, null, 0/0 matches, 471ms, agent:-, sent, q:0, h:1, dH:1, r:79, m:all, premium: false
2026-01-19 09:16:08.376 GMT+01:00 INFO  org.languagetool.server.LanguageToolHttpHandler Handled request in 472ms; sending code 200
2026-01-19 09:16:09.634 GMT+01:00 INFO  org.languagetool.server.LanguageToolHttpHandler Handling POST /v2/check
2026-01-19 09:16:10.329 GMT+01:00 INFO  org.languagetool.server.TextChecker Check done: 23 chars, de-DE, requestId: null, #78, null, 0/1 matches, 695ms, agent:-, sent, q:0, h:1, dH:1, r:80, m:all, premium: false
2026-01-19 09:16:10.329 GMT+01:00 INFO  org.languagetool.server.LanguageToolHttpHandler Handled request in 695ms; sending code 200
2026-01-19 09:16:12.330 GMT+01:00 INFO  org.languagetool.server.LanguageToolHttpHandler Handling POST /v2/check
2026-01-19 09:16:12.820 GMT+01:00 INFO  org.languagetool.server.TextChecker Check done: 36 chars, de-DE, requestId: null, #79, null, 0/1 matches, 489ms, agent:-, sent, q:0, h:1, dH:1, r:81, m:all, premium: false
2026-01-19 09:16:12.820 GMT+01:00 INFO  org.languagetool.server.LanguageToolHttpHandler Handled request in 490ms; sending code 200
2026-01-19 09:16:13.502 GMT+01:00 INFO  org.languagetool.server.LanguageToolHttpHandler Handling POST /v2/check
2026-01-19 09:16:14.030 GMT+01:00 INFO  org.languagetool.server.TextChecker Check done: 57 chars, de-DE, requestId: null, #80, null, 0/3 matches, 528ms, agent:-, sent, q:0, h:1, dH:1, r:82, m:all, premium: false
2026-01-19 09:16:14.030 GMT+01:00 INFO  org.languagetool.server.LanguageToolHttpHandler Handled request in 528ms; sending code 200
2026-01-19 09:16:15.380 GMT+01:00 INFO  org.languagetool.server.LanguageToolHttpHandler Handling POST /v2/check
2026-01-19 09:16:15.874 GMT+01:00 INFO  org.languagetool.server.TextChecker Check done: 20 chars, de-DE, requestId: null, #81, null, 0/2 matches, 494ms, agent:-, sent, q:0, h:1, dH:1, r:83, m:all, premium: false
2026-01-19 09:16:15.874 GMT+01:00 INFO  org.languagetool.server.LanguageToolHttpHandler Handled request in 495ms; sending code 200
2026-01-19 09:16:16.210 GMT+01:00 INFO  org.languagetool.server.LanguageToolHttpHandler Handling POST /v2/check
2026-01-19 09:16:16.963 GMT+01:00 INFO  org.languagetool.server.TextChecker Check done: 23 chars, de-DE, requestId: null, #82, null, 0/1 matches, 753ms, agent:-, sent, q:0, h:1, dH:1, r:84, m:all, premium: false
2026-01-19 09:16:16.963 GMT+01:00 INFO  org.languagetool.server.LanguageToolHttpHandler Handled request in 753ms; sending code 200
2026-01-19 09:16:17.301 GMT+01:00 INFO  org.languagetool.server.LanguageToolHttpHandler Handling POST /v2/check
2026-01-19 09:16:18.050 GMT+01:00 INFO  org.languagetool.server.TextChecker Check done: 21 chars, de-DE, requestId: null, #83, null, 0/2 matches, 749ms, agent:-, sent, q:0, h:1, dH:1, r:85, m:all, premium: false
2026-01-19 09:16:18.050 GMT+01:00 INFO  org.languagetool.server.LanguageToolHttpHandler Handled request in 749ms; sending code 200
2026-01-19 09:16:19.723 GMT+01:00 INFO  org.languagetool.server.LanguageToolHttpHandler Handling POST /v2/check
2026-01-19 09:16:20.208 GMT+01:00 INFO  org.languagetool.server.TextChecker Check done: 30 chars, de-DE, requestId: null, #84, null, 0/1 matches, 485ms, agent:-, sent, q:0, h:1, dH:1, r:86, m:all, premium: false
2026-01-19 09:16:20.208 GMT+01:00 INFO  org.languagetool.server.LanguageToolHttpHandler Handled request in 485ms; sending code 200
2026-01-19 09:16:25.253 GMT+01:00 INFO  org.languagetool.server.LanguageToolHttpHandler Handling POST /v2/check
2026-01-19 09:16:25.809 GMT+01:00 INFO  org.languagetool.server.TextChecker Check done: 13 chars, de-DE, requestId: null, #85, null, 0/2 matches, 555ms, agent:-, sent, q:0, h:1, dH:1, r:87, m:all, premium: false
2026-01-19 09:16:25.810 GMT+01:00 INFO  org.languagetool.server.LanguageToolHttpHandler Handled request in 557ms; sending code 200
2026-01-19 09:16:26.508 GMT+01:00 INFO  org.languagetool.server.LanguageToolHttpHandler Handling POST /v2/check
2026-01-19 09:16:27.042 GMT+01:00 INFO  org.languagetool.server.TextChecker Check done: 14 chars, de-DE, requestId: null, #86, null, 0/2 matches, 534ms, agent:-, sent, q:0, h:1, dH:1, r:88, m:all, premium: false
2026-01-19 09:16:27.043 GMT+01:00 INFO  org.languagetool.server.LanguageToolHttpHandler Handled request in 535ms; sending code 200
2026-01-19 09:16:27.404 GMT+01:00 INFO  org.languagetool.server.LanguageToolHttpHandler Handling POST /v2/check
2026-01-19 09:16:27.872 GMT+01:00 INFO  org.languagetool.server.TextChecker Check done: 17 chars, de-DE, requestId: null, #87, null, 0/2 matches, 468ms, agent:-, sent, q:0, h:1, dH:1, r:89, m:all, premium: false
2026-01-19 09:16:27.872 GMT+01:00 INFO  org.languagetool.server.LanguageToolHttpHandler Handled request in 468ms; sending code 200
2026-01-19 09:16:28.310 GMT+01:00 INFO  org.languagetool.server.LanguageToolHttpHandler Handling POST /v2/check
2026-01-19 09:16:28.830 GMT+01:00 INFO  org.languagetool.server.TextChecker Check done: 23 chars, de-DE, requestId: null, #88, null, 0/2 matches, 519ms, agent:-, sent, q:0, h:1, dH:1, r:90, m:all, premium: false
2026-01-19 09:16:28.830 GMT+01:00 INFO  org.languagetool.server.LanguageToolHttpHandler Handled request in 520ms; sending code 200
2026-01-19 09:16:29.192 GMT+01:00 INFO  org.languagetool.server.LanguageToolHttpHandler Handling POST /v2/check
2026-01-19 09:16:29.752 GMT+01:00 INFO  org.languagetool.server.TextChecker Check done: 16 chars, de-DE, requestId: null, #89, null, 0/2 matches, 560ms, agent:-, sent, q:0, h:1, dH:1, r:91, m:all, premium: false
2026-01-19 09:16:29.753 GMT+01:00 INFO  org.languagetool.server.LanguageToolHttpHandler Handled request in 561ms; sending code 200
2026-01-19 09:16:30.400 GMT+01:00 INFO  org.languagetool.server.LanguageToolHttpHandler Handling POST /v2/check
2026-01-19 09:16:31.000 GMT+01:00 INFO  org.languagetool.server.TextChecker Check done: 21 chars, de-DE, requestId: null, #90, null, 0/2 matches, 600ms, agent:-, sent, q:0, h:1, dH:1, r:92, m:all, premium: false
2026-01-19 09:16:31.000 GMT+01:00 INFO  org.languagetool.server.LanguageToolHttpHandler Handled request in 600ms; sending code 200
2026-01-19 09:16:33.084 GMT+01:00 INFO  org.languagetool.server.LanguageToolHttpHandler Handling POST /v2/check
2026-01-19 09:16:33.516 GMT+01:00 INFO  org.languagetool.server.TextChecker Check done: 11 chars, de-DE, requestId: null, #91, null, 0/1 matches, 431ms, agent:-, sent, q:0, h:1, dH:1, r:93, m:all, premium: false
2026-01-19 09:16:33.516 GMT+01:00 INFO  org.languagetool.server.LanguageToolHttpHandler Handled request in 432ms; sending code 200
2026-01-19 09:16:33.844 GMT+01:00 INFO  org.languagetool.server.LanguageToolHttpHandler Handling POST /v2/check
2026-01-19 09:16:34.342 GMT+01:00 INFO  org.languagetool.server.TextChecker Check done: 11 chars, de-DE, requestId: null, #92, null, 0/1 matches, 497ms, agent:-, sent, q:0, h:1, dH:1, r:94, m:all, premium: false
2026-01-19 09:16:34.342 GMT+01:00 INFO  org.languagetool.server.LanguageToolHttpHandler Handled request in 498ms; sending code 200
2026-01-19 09:16:34.683 GMT+01:00 INFO  org.languagetool.server.LanguageToolHttpHandler Handling POST /v2/check
2026-01-19 09:16:35.150 GMT+01:00 INFO  org.languagetool.server.TextChecker Check done: 14 chars, de-DE, requestId: null, #93, null, 0/1 matches, 467ms, agent:-, sent, q:0, h:1, dH:1, r:95, m:all, premium: false
2026-01-19 09:16:35.151 GMT+01:00 INFO  org.languagetool.server.LanguageToolHttpHandler Handled request in 468ms; sending code 200
2026-01-19 09:16:35.511 GMT+01:00 INFO  org.languagetool.server.LanguageToolHttpHandler Handling POST /v2/check
2026-01-19 09:16:35.954 GMT+01:00 INFO  org.languagetool.server.TextChecker Check done: 12 chars, de-DE, requestId: null, #94, null, 0/1 matches, 443ms, agent:-, sent, q:0, h:1, dH:1, r:96, m:all, premium: false
2026-01-19 09:16:35.954 GMT+01:00 INFO  org.languagetool.server.LanguageToolHttpHandler Handled request in 443ms; sending code 200
2026-01-19 09:16:36.291 GMT+01:00 INFO  org.languagetool.server.LanguageToolHttpHandler Handling POST /v2/check
2026-01-19 09:16:36.787 GMT+01:00 INFO  org.languagetool.server.TextChecker Check done: 14 chars, de-DE, requestId: null, #95, null, 0/1 matches, 496ms, agent:-, sent, q:0, h:1, dH:1, r:97, m:all, premium: false
2026-01-19 09:16:36.787 GMT+01:00 INFO  org.languagetool.server.LanguageToolHttpHandler Handled request in 496ms; sending code 200
2026-01-19 09:16:37.126 GMT+01:00 INFO  org.languagetool.server.LanguageToolHttpHandler Handling POST /v2/check
2026-01-19 09:16:37.583 GMT+01:00 INFO  org.languagetool.server.TextChecker Check done: 10 chars, de-DE, requestId: null, #96, null, 0/1 matches, 456ms, agent:-, sent, q:0, h:1, dH:1, r:98, m:all, premium: false
2026-01-19 09:16:37.583 GMT+01:00 INFO  org.languagetool.server.LanguageToolHttpHandler Handled request in 457ms; sending code 200
2026-01-19 09:16:37.943 GMT+01:00 INFO  org.languagetool.server.LanguageToolHttpHandler Handling POST /v2/check
2026-01-19 09:16:38.409 GMT+01:00 INFO  org.languagetool.server.TextChecker Check done: 15 chars, de-DE, requestId: null, #97, null, 0/2 matches, 465ms, agent:-, sent, q:0, h:1, dH:1, r:99, m:all, premium: false
2026-01-19 09:16:38.409 GMT+01:00 INFO  org.languagetool.server.LanguageToolHttpHandler Handled request in 466ms; sending code 200
2026-01-19 09:16:38.752 GMT+01:00 INFO  org.languagetool.server.LanguageToolHttpHandler Handling POST /v2/check
2026-01-19 09:16:39.228 GMT+01:00 INFO  org.languagetool.server.TextChecker Check done: 10 chars, de-DE, requestId: null, #98, null, 0/1 matches, 476ms, agent:-, sent, q:0, h:1, dH:1, r:100, m:all, premium: false
2026-01-19 09:16:39.229 GMT+01:00 INFO  org.languagetool.server.LanguageToolHttpHandler Handled request in 477ms; sending code 200
2026-01-19 09:16:39.574 GMT+01:00 INFO  org.languagetool.server.LanguageToolHttpHandler Handling POST /v2/check
2026-01-19 09:16:40.066 GMT+01:00 INFO  org.languagetool.server.TextChecker Check done: 19 chars, de-DE, requestId: null, #99, null, 0/1 matches, 492ms, agent:-, sent, q:0, h:1, dH:1, r:101, m:all, premium: false
2026-01-19 09:16:40.066 GMT+01:00 INFO  org.languagetool.server.LanguageToolHttpHandler Handled request in 492ms; sending code 200
2026-01-19 09:16:40.408 GMT+01:00 INFO  org.languagetool.server.LanguageToolHttpHandler Handling POST /v2/check
2026-01-19 09:16:40.871 GMT+01:00 INFO  org.languagetool.server.TextChecker Check done: 19 chars, de-DE, requestId: null, #100, null, 0/1 matches, 462ms, agent:-, sent, q:0, h:1, dH:1, r:102, m:all, premium: false
2026-01-19 09:16:40.872 GMT+01:00 INFO  org.languagetool.server.LanguageToolHttpHandler Handled request in 464ms; sending code 200
2026-01-19 09:16:41.207 GMT+01:00 INFO  org.languagetool.server.LanguageToolHttpHandler Handling POST /v2/check
2026-01-19 09:16:41.664 GMT+01:00 INFO  org.languagetool.server.TextChecker Check done: 12 chars, de-DE, requestId: null, #101, null, 0/2 matches, 456ms, agent:-, sent, q:0, h:1, dH:1, r:103, m:all, premium: false
2026-01-19 09:16:41.664 GMT+01:00 INFO  org.languagetool.server.LanguageToolHttpHandler Handled request in 457ms; sending code 200
2026-01-19 09:16:42.013 GMT+01:00 INFO  org.languagetool.server.LanguageToolHttpHandler Handling POST /v2/check
2026-01-19 09:16:42.528 GMT+01:00 INFO  org.languagetool.server.TextChecker Check done: 12 chars, de-DE, requestId: null, #102, null, 0/2 matches, 515ms, agent:-, sent, q:0, h:1, dH:1, r:104, m:all, premium: false
2026-01-19 09:16:42.528 GMT+01:00 INFO  org.languagetool.server.LanguageToolHttpHandler Handled request in 515ms; sending code 200
2026-01-19 09:16:42.864 GMT+01:00 INFO  org.languagetool.server.LanguageToolHttpHandler Handling POST /v2/check
2026-01-19 09:16:43.330 GMT+01:00 INFO  org.languagetool.server.TextChecker Check done: 13 chars, de-DE, requestId: null, #103, null, 0/1 matches, 465ms, agent:-, sent, q:0, h:1, dH:1, r:105, m:all, premium: false
2026-01-19 09:16:43.331 GMT+01:00 INFO  org.languagetool.server.LanguageToolHttpHandler Handled request in 467ms; sending code 200
2026-01-19 09:16:43.761 GMT+01:00 INFO  org.languagetool.server.LanguageToolHttpHandler Handling POST /v2/check
2026-01-19 09:16:44.232 GMT+01:00 INFO  org.languagetool.server.TextChecker Check done: 22 chars, de-DE, requestId: null, #104, null, 0/1 matches, 471ms, agent:-, sent, q:0, h:1, dH:1, r:106, m:all, premium: false
2026-01-19 09:16:44.232 GMT+01:00 INFO  org.languagetool.server.LanguageToolHttpHandler Handled request in 471ms; sending code 200
2026-01-19 09:16:44.577 GMT+01:00 INFO  org.languagetool.server.LanguageToolHttpHandler Handling POST /v2/check
2026-01-19 09:16:45.019 GMT+01:00 INFO  org.languagetool.server.TextChecker Check done: 5 chars, de-DE, requestId: null, #105, null, 0/0 matches, 442ms, agent:-, sent, q:0, h:1, dH:1, r:107, m:all, premium: false
2026-01-19 09:16:45.019 GMT+01:00 INFO  org.languagetool.server.LanguageToolHttpHandler Handled request in 443ms; sending code 200
2026-01-19 09:16:45.363 GMT+01:00 INFO  org.languagetool.server.LanguageToolHttpHandler Handling POST /v2/check
2026-01-19 09:16:45.825 GMT+01:00 INFO  org.languagetool.server.TextChecker Check done: 7 chars, de-DE, requestId: null, #106, null, 0/0 matches, 462ms, agent:-, sent, q:0, h:1, dH:1, r:108, m:all, premium: false
2026-01-19 09:16:45.825 GMT+01:00 INFO  org.languagetool.server.LanguageToolHttpHandler Handled request in 462ms; sending code 200
2026-01-19 09:16:46.166 GMT+01:00 INFO  org.languagetool.server.LanguageToolHttpHandler Handling POST /v2/check
2026-01-19 09:16:46.607 GMT+01:00 INFO  org.languagetool.server.TextChecker Check done: 3 chars, de-DE, requestId: null, #107, null, 0/0 matches, 441ms, agent:-, sent, q:0, h:1, dH:1, r:109, m:all, premium: false
2026-01-19 09:16:46.607 GMT+01:00 INFO  org.languagetool.server.LanguageToolHttpHandler Handled request in 441ms; sending code 200
2026-01-19 09:16:46.970 GMT+01:00 INFO  org.languagetool.server.LanguageToolHttpHandler Handling POST /v2/check
2026-01-19 09:16:47.419 GMT+01:00 INFO  org.languagetool.server.TextChecker Check done: 6 chars, de-DE, requestId: null, #108, null, 0/0 matches, 448ms, agent:-, sent, q:0, h:1, dH:1, r:110, m:all, premium: false
2026-01-19 09:16:47.419 GMT+01:00 INFO  org.languagetool.server.LanguageToolHttpHandler Handled request in 449ms; sending code 200
2026-01-19 09:16:47.772 GMT+01:00 INFO  org.languagetool.server.LanguageToolHttpHandler Handling POST /v2/check
2026-01-19 09:16:48.260 GMT+01:00 INFO  org.languagetool.server.TextChecker Check done: 6 chars, de-DE, requestId: null, #109, null, 0/1 matches, 487ms, agent:-, sent, q:0, h:1, dH:1, r:111, m:all, premium: false
2026-01-19 09:16:48.260 GMT+01:00 INFO  org.languagetool.server.LanguageToolHttpHandler Handled request in 488ms; sending code 200
2026-01-19 09:16:48.607 GMT+01:00 INFO  org.languagetool.server.LanguageToolHttpHandler Handling POST /v2/check
2026-01-19 09:16:49.062 GMT+01:00 INFO  org.languagetool.server.TextChecker Check done: 4 chars, de-DE, requestId: null, #110, null, 0/0 matches, 455ms, agent:-, sent, q:0, h:1, dH:1, r:112, m:all, premium: false
2026-01-19 09:16:49.062 GMT+01:00 INFO  org.languagetool.server.LanguageToolHttpHandler Handled request in 455ms; sending code 200
2026-01-19 09:16:49.401 GMT+01:00 INFO  org.languagetool.server.LanguageToolHttpHandler Handling POST /v2/check
2026-01-19 09:16:49.846 GMT+01:00 INFO  org.languagetool.server.TextChecker Check done: 4 chars, de-DE, requestId: null, #111, null, 0/1 matches, 444ms, agent:-, sent, q:0, h:1, dH:1, r:113, m:all, premium: false
2026-01-19 09:16:49.846 GMT+01:00 INFO  org.languagetool.server.LanguageToolHttpHandler Handled request in 445ms; sending code 200
2026-01-19 09:16:50.181 GMT+01:00 INFO  org.languagetool.server.LanguageToolHttpHandler Handling POST /v2/check
2026-01-19 09:16:50.656 GMT+01:00 INFO  org.languagetool.server.TextChecker Check done: 4 chars, de-DE, requestId: null, #112, null, 0/0 matches, 475ms, agent:-, sent, q:0, h:1, dH:1, r:114, m:all, premium: false
2026-01-19 09:16:50.656 GMT+01:00 INFO  org.languagetool.server.LanguageToolHttpHandler Handled request in 475ms; sending code 200
2026-01-19 09:16:50.994 GMT+01:00 INFO  org.languagetool.server.LanguageToolHttpHandler Handling POST /v2/check
2026-01-19 09:16:51.441 GMT+01:00 INFO  org.languagetool.server.TextChecker Check done: 5 chars, de-DE, requestId: null, #113, null, 0/1 matches, 446ms, agent:-, sent, q:0, h:1, dH:1, r:115, m:all, premium: false
2026-01-19 09:16:51.441 GMT+01:00 INFO  org.languagetool.server.LanguageToolHttpHandler Handled request in 447ms; sending code 200
2026-01-19 09:16:51.812 GMT+01:00 INFO  org.languagetool.server.LanguageToolHttpHandler Handling POST /v2/check
2026-01-19 09:16:52.267 GMT+01:00 INFO  org.languagetool.server.TextChecker Check done: 12 chars, de-DE, requestId: null, #114, null, 0/2 matches, 455ms, agent:-, sent, q:0, h:1, dH:1, r:116, m:all, premium: false
2026-01-19 09:16:52.267 GMT+01:00 INFO  org.languagetool.server.LanguageToolHttpHandler Handled request in 455ms; sending code 200
2026-01-19 09:16:52.608 GMT+01:00 INFO  org.languagetool.server.LanguageToolHttpHandler Handling POST /v2/check
2026-01-19 09:16:53.056 GMT+01:00 INFO  org.languagetool.server.TextChecker Check done: 13 chars, de-DE, requestId: null, #115, null, 0/1 matches, 447ms, agent:-, sent, q:0, h:1, dH:1, r:117, m:all, premium: false
2026-01-19 09:16:53.056 GMT+01:00 INFO  org.languagetool.server.LanguageToolHttpHandler Handled request in 448ms; sending code 200
2026-01-19 09:16:53.398 GMT+01:00 INFO  org.languagetool.server.LanguageToolHttpHandler Handling POST /v2/check
2026-01-19 09:16:53.863 GMT+01:00 INFO  org.languagetool.server.TextChecker Check done: 10 chars, de-DE, requestId: null, #116, null, 0/0 matches, 465ms, agent:-, sent, q:0, h:1, dH:1, r:118, m:all, premium: false
2026-01-19 09:16:53.863 GMT+01:00 INFO  org.languagetool.server.LanguageToolHttpHandler Handled request in 465ms; sending code 200
2026-01-19 09:16:54.256 GMT+01:00 INFO  org.languagetool.server.LanguageToolHttpHandler Handling POST /v2/check
2026-01-19 09:16:54.740 GMT+01:00 INFO  org.languagetool.server.TextChecker Check done: 5 chars, de-DE, requestId: null, #117, null, 0/0 matches, 484ms, agent:-, sent, q:0, h:1, dH:1, r:119, m:all, premium: false
2026-01-19 09:16:54.740 GMT+01:00 INFO  org.languagetool.server.LanguageToolHttpHandler Handled request in 484ms; sending code 200
2026-01-19 09:16:55.089 GMT+01:00 INFO  org.languagetool.server.LanguageToolHttpHandler Handling POST /v2/check
2026-01-19 09:16:55.535 GMT+01:00 INFO  org.languagetool.server.TextChecker Check done: 6 chars, de-DE, requestId: null, #118, null, 0/1 matches, 446ms, agent:-, sent, q:0, h:1, dH:1, r:120, m:all, premium: false
2026-01-19 09:16:55.535 GMT+01:00 INFO  org.languagetool.server.LanguageToolHttpHandler Handled request in 446ms; sending code 200
2026-01-19 09:16:55.904 GMT+01:00 INFO  org.languagetool.server.LanguageToolHttpHandler Handling POST /v2/check
2026-01-19 09:16:56.430 GMT+01:00 INFO  org.languagetool.server.TextChecker Check done: 9 chars, de-DE, requestId: null, #119, null, 0/1 matches, 526ms, agent:-, sent, q:0, h:1, dH:1, r:121, m:all, premium: false
2026-01-19 09:16:56.431 GMT+01:00 INFO  org.languagetool.server.LanguageToolHttpHandler Handled request in 527ms; sending code 200
2026-01-19 09:16:56.878 GMT+01:00 INFO  org.languagetool.server.LanguageToolHttpHandler Handling POST /v2/check
2026-01-19 09:16:57.325 GMT+01:00 INFO  org.languagetool.server.TextChecker Check done: 11 chars, de-DE, requestId: null, #120, null, 0/2 matches, 447ms, agent:-, sent, q:0, h:1, dH:1, r:122, m:all, premium: false
2026-01-19 09:16:57.325 GMT+01:00 INFO  org.languagetool.server.LanguageToolHttpHandler Handled request in 447ms; sending code 200
2026-01-19 09:16:57.678 GMT+01:00 INFO  org.languagetool.server.LanguageToolHttpHandler Handling POST /v2/check
2026-01-19 09:16:58.123 GMT+01:00 INFO  org.languagetool.server.TextChecker Check done: 15 chars, de-DE, requestId: null, #121, null, 0/1 matches, 445ms, agent:-, sent, q:0, h:1, dH:1, r:123, m:all, premium: false
2026-01-19 09:16:58.123 GMT+01:00 INFO  org.languagetool.server.LanguageToolHttpHandler Handled request in 445ms; sending code 200
2026-01-19 09:16:58.456 GMT+01:00 INFO  org.languagetool.server.LanguageToolHttpHandler Handling POST /v2/check
2026-01-19 09:16:58.999 GMT+01:00 INFO  org.languagetool.server.TextChecker Check done: 21 chars, de-DE, requestId: null, #122, null, 0/2 matches, 543ms, agent:-, sent, q:0, h:1, dH:1, r:124, m:all, premium: false
2026-01-19 09:16:59.000 GMT+01:00 INFO  org.languagetool.server.LanguageToolHttpHandler Handled request in 544ms; sending code 200
2026-01-19 09:16:59.347 GMT+01:00 INFO  org.languagetool.server.LanguageToolHttpHandler Handling POST /v2/check
2026-01-19 09:16:59.801 GMT+01:00 INFO  org.languagetool.server.TextChecker Check done: 19 chars, de-DE, requestId: null, #123, null, 0/1 matches, 454ms, agent:-, sent, q:0, h:1, dH:1, r:125, m:all, premium: false
2026-01-19 09:16:59.801 GMT+01:00 INFO  org.languagetool.server.LanguageToolHttpHandler Handled request in 454ms; sending code 200
2026-01-19 09:17:00.142 GMT+01:00 INFO  org.languagetool.server.LanguageToolHttpHandler Handling POST /v2/check
2026-01-19 09:17:00.609 GMT+01:00 INFO  org.languagetool.server.TextChecker Check done: 5 chars, de-DE, requestId: null, #124, null, 0/1 matches, 467ms, agent:-, sent, q:0, h:1, dH:1, r:126, m:all, premium: false
2026-01-19 09:17:00.609 GMT+01:00 INFO  org.languagetool.server.LanguageToolHttpHandler Handled request in 467ms; sending code 200
2026-01-19 09:17:00.953 GMT+01:00 INFO  org.languagetool.server.LanguageToolHttpHandler Handling POST /v2/check
2026-01-19 09:17:01.472 GMT+01:00 INFO  org.languagetool.server.TextChecker Check done: 15 chars, de-DE, requestId: null, #125, null, 0/2 matches, 519ms, agent:-, sent, q:0, h:1, dH:1, r:127, m:all, premium: false
2026-01-19 09:17:01.472 GMT+01:00 INFO  org.languagetool.server.LanguageToolHttpHandler Handled request in 519ms; sending code 200
2026-01-19 09:17:01.807 GMT+01:00 INFO  org.languagetool.server.LanguageToolHttpHandler Handling POST /v2/check
2026-01-19 09:17:02.268 GMT+01:00 INFO  org.languagetool.server.TextChecker Check done: 15 chars, de-DE, requestId: null, #126, null, 0/1 matches, 461ms, agent:-, sent, q:0, h:1, dH:1, r:128, m:all, premium: false
2026-01-19 09:17:02.268 GMT+01:00 INFO  org.languagetool.server.LanguageToolHttpHandler Handled request in 462ms; sending code 200
2026-01-19 09:17:02.607 GMT+01:00 INFO  org.languagetool.server.LanguageToolHttpHandler Handling POST /v2/check
2026-01-19 09:17:03.050 GMT+01:00 INFO  org.languagetool.server.TextChecker Check done: 21 chars, de-DE, requestId: null, #127, null, 0/2 matches, 442ms, agent:-, sent, q:0, h:1, dH:1, r:129, m:all, premium: false
2026-01-19 09:17:03.050 GMT+01:00 INFO  org.languagetool.server.LanguageToolHttpHandler Handled request in 444ms; sending code 200
2026-01-19 09:17:03.411 GMT+01:00 INFO  org.languagetool.server.LanguageToolHttpHandler Handling POST /v2/check
2026-01-19 09:17:03.916 GMT+01:00 INFO  org.languagetool.server.TextChecker Check done: 13 chars, de-DE, requestId: null, #128, null, 0/2 matches, 504ms, agent:-, sent, q:0, h:1, dH:1, r:130, m:all, premium: false
2026-01-19 09:17:03.916 GMT+01:00 INFO  org.languagetool.server.LanguageToolHttpHandler Handled request in 505ms; sending code 200
2026-01-19 09:17:04.276 GMT+01:00 INFO  org.languagetool.server.LanguageToolHttpHandler Handling POST /v2/check
2026-01-19 09:17:04.687 GMT+01:00 INFO  org.languagetool.server.TextChecker Check done: 5 chars, de-DE, requestId: null, #129, null, 0/0 matches, 411ms, agent:-, sent, q:0, h:1, dH:1, r:131, m:all, premium: false
2026-01-19 09:17:04.687 GMT+01:00 INFO  org.languagetool.server.LanguageToolHttpHandler Handled request in 411ms; sending code 200
2026-01-19 09:17:05.018 GMT+01:00 INFO  org.languagetool.server.LanguageToolHttpHandler Handling POST /v2/check
2026-01-19 09:17:05.453 GMT+01:00 INFO  org.languagetool.server.TextChecker Check done: 20 chars, de-DE, requestId: null, #130, null, 0/1 matches, 434ms, agent:-, sent, q:0, h:1, dH:1, r:132, m:all, premium: false
2026-01-19 09:17:05.453 GMT+01:00 INFO  org.languagetool.server.LanguageToolHttpHandler Handled request in 435ms; sending code 200
2026-01-19 09:17:05.796 GMT+01:00 INFO  org.languagetool.server.LanguageToolHttpHandler Handling POST /v2/check
2026-01-19 09:17:06.293 GMT+01:00 INFO  org.languagetool.server.TextChecker Check done: 32 chars, de-DE, requestId: null, #131, null, 0/3 matches, 497ms, agent:-, sent, q:0, h:1, dH:1, r:133, m:all, premium: false
2026-01-19 09:17:06.293 GMT+01:00 INFO  org.languagetool.server.LanguageToolHttpHandler Handled request in 497ms; sending code 200
2026-01-19 09:17:06.633 GMT+01:00 INFO  org.languagetool.server.LanguageToolHttpHandler Handling POST /v2/check
2026-01-19 09:17:07.066 GMT+01:00 INFO  org.languagetool.server.TextChecker Check done: 37 chars, de-DE, requestId: null, #132, null, 0/3 matches, 432ms, agent:-, sent, q:0, h:1, dH:1, r:134, m:all, premium: false
2026-01-19 09:17:07.066 GMT+01:00 INFO  org.languagetool.server.LanguageToolHttpHandler Handled request in 433ms; sending code 200
2026-01-19 09:17:07.426 GMT+01:00 INFO  org.languagetool.server.LanguageToolHttpHandler Handling POST /v2/check
2026-01-19 09:17:07.896 GMT+01:00 INFO  org.languagetool.server.TextChecker Check done: 49 chars, de-DE, requestId: null, #133, null, 0/2 matches, 470ms, agent:-, sent, q:0, h:1, dH:1, r:135, m:all, premium: false
2026-01-19 09:17:07.896 GMT+01:00 INFO  org.languagetool.server.LanguageToolHttpHandler Handled request in 470ms; sending code 200
2026-01-19 09:17:08.247 GMT+01:00 INFO  org.languagetool.server.LanguageToolHttpHandler Handling POST /v2/check
2026-01-19 09:17:08.748 GMT+01:00 INFO  org.languagetool.server.TextChecker Check done: 61 chars, de-DE, requestId: null, #134, null, 0/4 matches, 501ms, agent:-, sent, q:0, h:1, dH:1, r:136, m:all, premium: false
2026-01-19 09:17:08.748 GMT+01:00 INFO  org.languagetool.server.LanguageToolHttpHandler Handled request in 501ms; sending code 200
2026-01-19 09:18:04.316 GMT+01:00 INFO  org.languagetool.server.LanguageToolHttpHandler Handling POST /v2/check
2026-01-19 09:18:04.741 GMT+01:00 INFO  org.languagetool.server.TextChecker Check done: 23 chars, de-DE, requestId: null, #135, null, 0/1 matches, 425ms, agent:-, sent, q:0, h:1, dH:1, r:137, m:all, premium: false
2026-01-19 09:18:04.741 GMT+01:00 INFO  org.languagetool.server.LanguageToolHttpHandler Handled request in 425ms; sending code 200
